<?xml version="1.0" encoding="UTF-8"?>
<testsuite name="co.edu.uniquindio.unitravel.serviciosTest.AdminHotelServicioTest" tests="11" skipped="0" failures="0" errors="0" timestamp="2022-05-12T22:50:17" hostname="LAPTOP-CHAMORRO" time="4.6">
  <properties/>
  <testcase name="registrarHotelTest()" classname="co.edu.uniquindio.unitravel.serviciosTest.AdminHotelServicioTest" time="0.864"/>
  <testcase name="listarAdminsHotelTest()" classname="co.edu.uniquindio.unitravel.serviciosTest.AdminHotelServicioTest" time="0.506"/>
  <testcase name="eliminarHotelTest()" classname="co.edu.uniquindio.unitravel.serviciosTest.AdminHotelServicioTest" time="0.421"/>
  <testcase name="obtenerAdminHotelTest()" classname="co.edu.uniquindio.unitravel.serviciosTest.AdminHotelServicioTest" time="0.407"/>
  <testcase name="obtenerHotelTest()" classname="co.edu.uniquindio.unitravel.serviciosTest.AdminHotelServicioTest" time="0.393"/>
  <testcase name="eliminarAdminHotelTest()" classname="co.edu.uniquindio.unitravel.serviciosTest.AdminHotelServicioTest" time="0.335"/>
  <testcase name="actualizarHotelTest()" classname="co.edu.uniquindio.unitravel.serviciosTest.AdminHotelServicioTest" time="0.288"/>
  <testcase name="listarHotelesTest()" classname="co.edu.uniquindio.unitravel.serviciosTest.AdminHotelServicioTest" time="0.416"/>
  <testcase name="actualizarAdminHotelTest()" classname="co.edu.uniquindio.unitravel.serviciosTest.AdminHotelServicioTest" time="0.381"/>
  <testcase name="validarLoginAdminHotelTest()" classname="co.edu.uniquindio.unitravel.serviciosTest.AdminHotelServicioTest" time="0.291"/>
  <testcase name="registrarAdminHotelTest()" classname="co.edu.uniquindio.unitravel.serviciosTest.AdminHotelServicioTest" time="0.285"/>
  <system-out><![CDATA[17:50:09.012 [Test worker] DEBUG org.springframework.test.context.BootstrapUtils - Instantiating CacheAwareContextLoaderDelegate from class [org.springframework.test.context.cache.DefaultCacheAwareContextLoaderDelegate]
17:50:09.028 [Test worker] DEBUG org.springframework.test.context.BootstrapUtils - Instantiating BootstrapContext using constructor [public org.springframework.test.context.support.DefaultBootstrapContext(java.lang.Class,org.springframework.test.context.CacheAwareContextLoaderDelegate)]
17:50:09.094 [Test worker] DEBUG org.springframework.test.context.BootstrapUtils - Instantiating TestContextBootstrapper for test class [co.edu.uniquindio.unitravel.serviciosTest.AdminHotelServicioTest] from class [org.springframework.boot.test.context.SpringBootTestContextBootstrapper]
17:50:09.116 [Test worker] INFO org.springframework.boot.test.context.SpringBootTestContextBootstrapper - Neither @ContextConfiguration nor @ContextHierarchy found for test class [co.edu.uniquindio.unitravel.serviciosTest.AdminHotelServicioTest], using SpringBootContextLoader
17:50:09.126 [Test worker] DEBUG org.springframework.test.context.support.AbstractContextLoader - Did not detect default resource location for test class [co.edu.uniquindio.unitravel.serviciosTest.AdminHotelServicioTest]: class path resource [co/edu/uniquindio/unitravel/serviciosTest/AdminHotelServicioTest-context.xml] does not exist
17:50:09.126 [Test worker] DEBUG org.springframework.test.context.support.AbstractContextLoader - Did not detect default resource location for test class [co.edu.uniquindio.unitravel.serviciosTest.AdminHotelServicioTest]: class path resource [co/edu/uniquindio/unitravel/serviciosTest/AdminHotelServicioTestContext.groovy] does not exist
17:50:09.126 [Test worker] INFO org.springframework.test.context.support.AbstractContextLoader - Could not detect default resource locations for test class [co.edu.uniquindio.unitravel.serviciosTest.AdminHotelServicioTest]: no resource found for suffixes {-context.xml, Context.groovy}.
17:50:09.126 [Test worker] INFO org.springframework.test.context.support.AnnotationConfigContextLoaderUtils - Could not detect default configuration classes for test class [co.edu.uniquindio.unitravel.serviciosTest.AdminHotelServicioTest]: AdminHotelServicioTest does not declare any static, non-private, non-final, nested classes annotated with @Configuration.
17:50:09.209 [Test worker] DEBUG org.springframework.test.context.support.ActiveProfilesUtils - Could not find an 'annotation declaring class' for annotation type [org.springframework.test.context.ActiveProfiles] and class [co.edu.uniquindio.unitravel.serviciosTest.AdminHotelServicioTest]
17:50:09.359 [Test worker] DEBUG org.springframework.context.annotation.ClassPathScanningCandidateComponentProvider - Identified candidate component class: file [D:\Universidad\20221\PA\Unitravel3.0\Unitravel\Persistencia\build\classes\java\main\co\edu\uniquindio\unitravel\PersistenciaApplication.class]
17:50:09.362 [Test worker] INFO org.springframework.boot.test.context.SpringBootTestContextBootstrapper - Found @SpringBootConfiguration co.edu.uniquindio.unitravel.PersistenciaApplication for test class co.edu.uniquindio.unitravel.serviciosTest.AdminHotelServicioTest
17:50:09.501 [Test worker] DEBUG org.springframework.boot.test.context.SpringBootTestContextBootstrapper - @TestExecutionListeners is not present for class [co.edu.uniquindio.unitravel.serviciosTest.AdminHotelServicioTest]: using defaults.
17:50:09.502 [Test worker] INFO org.springframework.boot.test.context.SpringBootTestContextBootstrapper - Loaded default TestExecutionListener class names from location [META-INF/spring.factories]: [org.springframework.boot.test.autoconfigure.restdocs.RestDocsTestExecutionListener, org.springframework.boot.test.autoconfigure.web.client.MockRestServiceServerResetTestExecutionListener, org.springframework.boot.test.autoconfigure.web.servlet.MockMvcPrintOnlyOnFailureTestExecutionListener, org.springframework.boot.test.autoconfigure.web.servlet.WebDriverTestExecutionListener, org.springframework.boot.test.autoconfigure.webservices.client.MockWebServiceServerTestExecutionListener, org.springframework.boot.test.mock.mockito.MockitoTestExecutionListener, org.springframework.boot.test.mock.mockito.ResetMocksTestExecutionListener, org.springframework.test.context.web.ServletTestExecutionListener, org.springframework.test.context.support.DirtiesContextBeforeModesTestExecutionListener, org.springframework.test.context.event.ApplicationEventsTestExecutionListener, org.springframework.test.context.support.DependencyInjectionTestExecutionListener, org.springframework.test.context.support.DirtiesContextTestExecutionListener, org.springframework.test.context.transaction.TransactionalTestExecutionListener, org.springframework.test.context.jdbc.SqlScriptsTestExecutionListener, org.springframework.test.context.event.EventPublishingTestExecutionListener]
17:50:09.514 [Test worker] DEBUG org.springframework.boot.test.context.SpringBootTestContextBootstrapper - Skipping candidate TestExecutionListener [org.springframework.test.context.web.ServletTestExecutionListener] due to a missing dependency. Specify custom listener classes or make the default listener classes and their required dependencies available. Offending class: [javax/servlet/ServletContext]
17:50:09.523 [Test worker] INFO org.springframework.boot.test.context.SpringBootTestContextBootstrapper - Using TestExecutionListeners: [org.springframework.test.context.support.DirtiesContextBeforeModesTestExecutionListener@16237797, org.springframework.test.context.event.ApplicationEventsTestExecutionListener@7ce8b5be, org.springframework.boot.test.mock.mockito.MockitoTestExecutionListener@45b0ba78, org.springframework.boot.test.autoconfigure.SpringBootDependencyInjectionTestExecutionListener@6316e8c5, org.springframework.test.context.support.DirtiesContextTestExecutionListener@6e04a4ff, org.springframework.test.context.transaction.TransactionalTestExecutionListener@5778a9c4, org.springframework.test.context.jdbc.SqlScriptsTestExecutionListener@175bba29, org.springframework.test.context.event.EventPublishingTestExecutionListener@435f28c7, org.springframework.boot.test.autoconfigure.restdocs.RestDocsTestExecutionListener@8375f0f, org.springframework.boot.test.autoconfigure.web.client.MockRestServiceServerResetTestExecutionListener@1a93e144, org.springframework.boot.test.autoconfigure.web.servlet.MockMvcPrintOnlyOnFailureTestExecutionListener@50d38acd, org.springframework.boot.test.autoconfigure.web.servlet.WebDriverTestExecutionListener@6a708900, org.springframework.boot.test.autoconfigure.webservices.client.MockWebServiceServerTestExecutionListener@580d7c66, org.springframework.boot.test.mock.mockito.ResetMocksTestExecutionListener@5d912fe2]
17:50:09.529 [Test worker] DEBUG org.springframework.test.context.support.AbstractDirtiesContextTestExecutionListener - Before test class: context [DefaultTestContext@4cff9cd0 testClass = AdminHotelServicioTest, testInstance = [null], testMethod = [null], testException = [null], mergedContextConfiguration = [MergedContextConfiguration@5f973a0b testClass = AdminHotelServicioTest, locations = '{}', classes = '{class co.edu.uniquindio.unitravel.PersistenciaApplication}', contextInitializerClasses = '[]', activeProfiles = '{}', propertySourceLocations = '{}', propertySourceProperties = '{org.springframework.boot.test.context.SpringBootTestContextBootstrapper=true}', contextCustomizers = set[org.springframework.boot.test.autoconfigure.actuate.metrics.MetricsExportContextCustomizerFactory$DisableMetricExportContextCustomizer@1e922a8a, org.springframework.boot.test.autoconfigure.properties.PropertyMappingContextCustomizer@0, org.springframework.boot.test.autoconfigure.web.servlet.WebDriverContextCustomizerFactory$Customizer@4f1787c7, org.springframework.boot.test.context.filter.ExcludeFilterContextCustomizer@4918e323, org.springframework.boot.test.json.DuplicateJsonObjectContextCustomizerFactory$DuplicateJsonObjectContextCustomizer@57a756a9, org.springframework.boot.test.mock.mockito.MockitoContextCustomizer@0, org.springframework.boot.test.web.client.TestRestTemplateContextCustomizer@2acbb647, org.springframework.boot.test.context.SpringBootTestArgs@1, org.springframework.boot.test.context.SpringBootTestWebEnvironment@7af43000], contextLoader = 'org.springframework.boot.test.context.SpringBootContextLoader', parent = [null]], attributes = map[[empty]]], class annotated with @DirtiesContext [false] with mode [null].
17:50:09.542 [Test worker] DEBUG org.springframework.test.context.support.DependencyInjectionTestExecutionListener - Performing dependency injection for test context [[DefaultTestContext@4cff9cd0 testClass = AdminHotelServicioTest, testInstance = co.edu.uniquindio.unitravel.serviciosTest.AdminHotelServicioTest@7dea5546, testMethod = [null], testException = [null], mergedContextConfiguration = [MergedContextConfiguration@5f973a0b testClass = AdminHotelServicioTest, locations = '{}', classes = '{class co.edu.uniquindio.unitravel.PersistenciaApplication}', contextInitializerClasses = '[]', activeProfiles = '{}', propertySourceLocations = '{}', propertySourceProperties = '{org.springframework.boot.test.context.SpringBootTestContextBootstrapper=true}', contextCustomizers = set[org.springframework.boot.test.autoconfigure.actuate.metrics.MetricsExportContextCustomizerFactory$DisableMetricExportContextCustomizer@1e922a8a, org.springframework.boot.test.autoconfigure.properties.PropertyMappingContextCustomizer@0, org.springframework.boot.test.autoconfigure.web.servlet.WebDriverContextCustomizerFactory$Customizer@4f1787c7, org.springframework.boot.test.context.filter.ExcludeFilterContextCustomizer@4918e323, org.springframework.boot.test.json.DuplicateJsonObjectContextCustomizerFactory$DuplicateJsonObjectContextCustomizer@57a756a9, org.springframework.boot.test.mock.mockito.MockitoContextCustomizer@0, org.springframework.boot.test.web.client.TestRestTemplateContextCustomizer@2acbb647, org.springframework.boot.test.context.SpringBootTestArgs@1, org.springframework.boot.test.context.SpringBootTestWebEnvironment@7af43000], contextLoader = 'org.springframework.boot.test.context.SpringBootContextLoader', parent = [null]], attributes = map['org.springframework.test.context.event.ApplicationEventsTestExecutionListener.recordApplicationEvents' -> false]]].

  .   ____          _            __ _ _
 /\\ / ___'_ __ _ _(_)_ __  __ _ \ \ \ \
( ( )\___ | '_ | '_| | '_ \/ _` | \ \ \ \
 \\/  ___)| |_)| | | | | || (_| |  ) ) ) )
  '  |____| .__|_| |_|_| |_\__, | / / / /
 =========|_|==============|___/=/_/_/_/
 :: Spring Boot ::                (v2.6.4)

2022-05-12 17:50:10.180  INFO 2032 --- [    Test worker] c.e.u.u.s.AdminHotelServicioTest         : Starting AdminHotelServicioTest using Java 11.0.12 on Laptop-Chamorro with PID 2032 (started by Nicolas in D:\Universidad\20221\PA\Unitravel3.0\Unitravel\Persistencia)
2022-05-12 17:50:10.180  INFO 2032 --- [    Test worker] c.e.u.u.s.AdminHotelServicioTest         : No active profile set, falling back to 1 default profile: "default"
2022-05-12 17:50:11.193  INFO 2032 --- [    Test worker] .s.d.r.c.RepositoryConfigurationDelegate : Bootstrapping Spring Data JPA repositories in DEFAULT mode.
2022-05-12 17:50:11.402  INFO 2032 --- [    Test worker] .s.d.r.c.RepositoryConfigurationDelegate : Finished Spring Data repository scanning in 188 ms. Found 12 JPA repository interfaces.
2022-05-12 17:50:12.350  INFO 2032 --- [    Test worker] o.hibernate.jpa.internal.util.LogHelper  : HHH000204: Processing PersistenceUnitInfo [name: default]
2022-05-12 17:50:12.442  INFO 2032 --- [    Test worker] org.hibernate.Version                    : HHH000412: Hibernate ORM core version 5.6.5.Final
2022-05-12 17:50:12.728  INFO 2032 --- [    Test worker] o.hibernate.annotations.common.Version   : HCANN000001: Hibernate Commons Annotations {5.1.2.Final}
2022-05-12 17:50:12.958  INFO 2032 --- [    Test worker] com.zaxxer.hikari.HikariDataSource       : HikariPool-1 - Starting...
2022-05-12 17:50:13.508  INFO 2032 --- [    Test worker] com.zaxxer.hikari.HikariDataSource       : HikariPool-1 - Start completed.
2022-05-12 17:50:13.557  INFO 2032 --- [    Test worker] org.hibernate.dialect.Dialect            : HHH000400: Using dialect: org.hibernate.dialect.MySQL8Dialect
2022-05-12 17:50:13.826  WARN 2032 --- [    Test worker] org.hibernate.cfg.AnnotationBinder       : HHH000503: A class should not be annotated with both @Inheritance and @MappedSuperclass. @Inheritance will be ignored for: co.edu.uniquindio.unitravel.entidades.Persona.
2022-05-12 17:50:15.747  INFO 2032 --- [    Test worker] o.h.e.t.j.p.i.JtaPlatformInitiator       : HHH000490: Using JtaPlatform implementation: [org.hibernate.engine.transaction.jta.platform.internal.NoJtaPlatform]
2022-05-12 17:50:15.757  INFO 2032 --- [    Test worker] j.LocalContainerEntityManagerFactoryBean : Initialized JPA EntityManagerFactory for persistence unit 'default'
2022-05-12 17:50:17.489  INFO 2032 --- [    Test worker] c.e.u.u.s.AdminHotelServicioTest         : Started AdminHotelServicioTest in 7.911 seconds (JVM running for 9.948)
2022-05-12 17:50:17.523  INFO 2032 --- [    Test worker] o.s.t.c.transaction.TransactionContext   : Began transaction (1) for test context [DefaultTestContext@4cff9cd0 testClass = AdminHotelServicioTest, testInstance = co.edu.uniquindio.unitravel.serviciosTest.AdminHotelServicioTest@7dea5546, testMethod = registrarHotelTest@AdminHotelServicioTest, testException = [null], mergedContextConfiguration = [MergedContextConfiguration@5f973a0b testClass = AdminHotelServicioTest, locations = '{}', classes = '{class co.edu.uniquindio.unitravel.PersistenciaApplication}', contextInitializerClasses = '[]', activeProfiles = '{}', propertySourceLocations = '{}', propertySourceProperties = '{org.springframework.boot.test.context.SpringBootTestContextBootstrapper=true}', contextCustomizers = set[org.springframework.boot.test.autoconfigure.actuate.metrics.MetricsExportContextCustomizerFactory$DisableMetricExportContextCustomizer@1e922a8a, org.springframework.boot.test.autoconfigure.properties.PropertyMappingContextCustomizer@0, org.springframework.boot.test.autoconfigure.web.servlet.WebDriverContextCustomizerFactory$Customizer@4f1787c7, org.springframework.boot.test.context.filter.ExcludeFilterContextCustomizer@4918e323, org.springframework.boot.test.json.DuplicateJsonObjectContextCustomizerFactory$DuplicateJsonObjectContextCustomizer@57a756a9, org.springframework.boot.test.mock.mockito.MockitoContextCustomizer@0, org.springframework.boot.test.web.client.TestRestTemplateContextCustomizer@2acbb647, org.springframework.boot.test.context.SpringBootTestArgs@1, org.springframework.boot.test.context.SpringBootTestWebEnvironment@7af43000], contextLoader = 'org.springframework.boot.test.context.SpringBootContextLoader', parent = [null]], attributes = map['org.springframework.test.context.event.ApplicationEventsTestExecutionListener.recordApplicationEvents' -> false]]; transaction manager [org.springframework.orm.jpa.JpaTransactionManager@1a835fd7]; rollback [true]
Hibernate: select hotel0_.cod_hotel as cod_hote1_9_0_, hotel0_.administrador_cedula as administ5_9_0_, hotel0_.cod_ciudad_cod_ciudad as cod_ciud6_9_0_, hotel0_.direccion as direccio2_9_0_, hotel0_.nombre as nombre3_9_0_, hotel0_.num_estrellas as num_estr4_9_0_, adminhotel1_.cedula as cedula1_0_1_, adminhotel1_.email as email2_0_1_, adminhotel1_.nombre as nombre3_0_1_, adminhotel1_.password as password4_0_1_, ciudad2_.cod_ciudad as cod_ciud1_3_2_, ciudad2_.nombre as nombre2_3_2_ from hotel hotel0_ left outer join admin_hotel adminhotel1_ on hotel0_.administrador_cedula=adminhotel1_.cedula left outer join ciudad ciudad2_ on hotel0_.cod_ciudad_cod_ciudad=ciudad2_.cod_ciudad where hotel0_.cod_hotel=?
Hibernate: select hotel0_.cod_hotel as cod_hote1_9_0_, hotel0_.administrador_cedula as administ5_9_0_, hotel0_.cod_ciudad_cod_ciudad as cod_ciud6_9_0_, hotel0_.direccion as direccio2_9_0_, hotel0_.nombre as nombre3_9_0_, hotel0_.num_estrellas as num_estr4_9_0_ from hotel hotel0_ where hotel0_.cod_hotel=?
2022-05-12 17:50:18.357  INFO 2032 --- [    Test worker] o.s.t.c.transaction.TransactionContext   : Rolled back transaction for test: [DefaultTestContext@4cff9cd0 testClass = AdminHotelServicioTest, testInstance = co.edu.uniquindio.unitravel.serviciosTest.AdminHotelServicioTest@7dea5546, testMethod = registrarHotelTest@AdminHotelServicioTest, testException = [null], mergedContextConfiguration = [MergedContextConfiguration@5f973a0b testClass = AdminHotelServicioTest, locations = '{}', classes = '{class co.edu.uniquindio.unitravel.PersistenciaApplication}', contextInitializerClasses = '[]', activeProfiles = '{}', propertySourceLocations = '{}', propertySourceProperties = '{org.springframework.boot.test.context.SpringBootTestContextBootstrapper=true}', contextCustomizers = set[org.springframework.boot.test.autoconfigure.actuate.metrics.MetricsExportContextCustomizerFactory$DisableMetricExportContextCustomizer@1e922a8a, org.springframework.boot.test.autoconfigure.properties.PropertyMappingContextCustomizer@0, org.springframework.boot.test.autoconfigure.web.servlet.WebDriverContextCustomizerFactory$Customizer@4f1787c7, org.springframework.boot.test.context.filter.ExcludeFilterContextCustomizer@4918e323, org.springframework.boot.test.json.DuplicateJsonObjectContextCustomizerFactory$DuplicateJsonObjectContextCustomizer@57a756a9, org.springframework.boot.test.mock.mockito.MockitoContextCustomizer@0, org.springframework.boot.test.web.client.TestRestTemplateContextCustomizer@2acbb647, org.springframework.boot.test.context.SpringBootTestArgs@1, org.springframework.boot.test.context.SpringBootTestWebEnvironment@7af43000], contextLoader = 'org.springframework.boot.test.context.SpringBootContextLoader', parent = [null]], attributes = map['org.springframework.test.context.event.ApplicationEventsTestExecutionListener.recordApplicationEvents' -> false]]
2022-05-12 17:50:18.365  INFO 2032 --- [    Test worker] o.s.t.c.transaction.TransactionContext   : Began transaction (1) for test context [DefaultTestContext@4cff9cd0 testClass = AdminHotelServicioTest, testInstance = co.edu.uniquindio.unitravel.serviciosTest.AdminHotelServicioTest@4472427f, testMethod = listarAdminsHotelTest@AdminHotelServicioTest, testException = [null], mergedContextConfiguration = [MergedContextConfiguration@5f973a0b testClass = AdminHotelServicioTest, locations = '{}', classes = '{class co.edu.uniquindio.unitravel.PersistenciaApplication}', contextInitializerClasses = '[]', activeProfiles = '{}', propertySourceLocations = '{}', propertySourceProperties = '{org.springframework.boot.test.context.SpringBootTestContextBootstrapper=true}', contextCustomizers = set[org.springframework.boot.test.autoconfigure.actuate.metrics.MetricsExportContextCustomizerFactory$DisableMetricExportContextCustomizer@1e922a8a, org.springframework.boot.test.autoconfigure.properties.PropertyMappingContextCustomizer@0, org.springframework.boot.test.autoconfigure.web.servlet.WebDriverContextCustomizerFactory$Customizer@4f1787c7, org.springframework.boot.test.context.filter.ExcludeFilterContextCustomizer@4918e323, org.springframework.boot.test.json.DuplicateJsonObjectContextCustomizerFactory$DuplicateJsonObjectContextCustomizer@57a756a9, org.springframework.boot.test.mock.mockito.MockitoContextCustomizer@0, org.springframework.boot.test.web.client.TestRestTemplateContextCustomizer@2acbb647, org.springframework.boot.test.context.SpringBootTestArgs@1, org.springframework.boot.test.context.SpringBootTestWebEnvironment@7af43000], contextLoader = 'org.springframework.boot.test.context.SpringBootContextLoader', parent = [null]], attributes = map['org.springframework.test.context.event.ApplicationEventsTestExecutionListener.recordApplicationEvents' -> false]]; transaction manager [org.springframework.orm.jpa.JpaTransactionManager@1a835fd7]; rollback [true]
Hibernate: select adminhotel0_.cedula as cedula1_0_, adminhotel0_.email as email2_0_, adminhotel0_.nombre as nombre3_0_, adminhotel0_.password as password4_0_ from admin_hotel adminhotel0_
Persona(cedula=1, nombre=pablo1, email=pablo1@email.com, password=pablo123)
Persona(cedula=2, nombre=pablo2, email=pablo2@email.com, password=pablo123)
Persona(cedula=3, nombre=pablo3, email=pablo3@email.com, password=pablo123)
Persona(cedula=4, nombre=pablo4, email=pablo4@email.com, password=pablo123)
Persona(cedula=5, nombre=pablo5, email=pablo5@email.com, password=pablo123)
Persona(cedula=6, nombre=pablo6, email=pablo6@email.com, password=pablo123)
2022-05-12 17:50:18.872  INFO 2032 --- [    Test worker] o.s.t.c.transaction.TransactionContext   : Rolled back transaction for test: [DefaultTestContext@4cff9cd0 testClass = AdminHotelServicioTest, testInstance = co.edu.uniquindio.unitravel.serviciosTest.AdminHotelServicioTest@4472427f, testMethod = listarAdminsHotelTest@AdminHotelServicioTest, testException = [null], mergedContextConfiguration = [MergedContextConfiguration@5f973a0b testClass = AdminHotelServicioTest, locations = '{}', classes = '{class co.edu.uniquindio.unitravel.PersistenciaApplication}', contextInitializerClasses = '[]', activeProfiles = '{}', propertySourceLocations = '{}', propertySourceProperties = '{org.springframework.boot.test.context.SpringBootTestContextBootstrapper=true}', contextCustomizers = set[org.springframework.boot.test.autoconfigure.actuate.metrics.MetricsExportContextCustomizerFactory$DisableMetricExportContextCustomizer@1e922a8a, org.springframework.boot.test.autoconfigure.properties.PropertyMappingContextCustomizer@0, org.springframework.boot.test.autoconfigure.web.servlet.WebDriverContextCustomizerFactory$Customizer@4f1787c7, org.springframework.boot.test.context.filter.ExcludeFilterContextCustomizer@4918e323, org.springframework.boot.test.json.DuplicateJsonObjectContextCustomizerFactory$DuplicateJsonObjectContextCustomizer@57a756a9, org.springframework.boot.test.mock.mockito.MockitoContextCustomizer@0, org.springframework.boot.test.web.client.TestRestTemplateContextCustomizer@2acbb647, org.springframework.boot.test.context.SpringBootTestArgs@1, org.springframework.boot.test.context.SpringBootTestWebEnvironment@7af43000], contextLoader = 'org.springframework.boot.test.context.SpringBootContextLoader', parent = [null]], attributes = map['org.springframework.test.context.event.ApplicationEventsTestExecutionListener.recordApplicationEvents' -> false]]
2022-05-12 17:50:18.872  INFO 2032 --- [    Test worker] o.s.t.c.transaction.TransactionContext   : Began transaction (1) for test context [DefaultTestContext@4cff9cd0 testClass = AdminHotelServicioTest, testInstance = co.edu.uniquindio.unitravel.serviciosTest.AdminHotelServicioTest@44f1007b, testMethod = eliminarHotelTest@AdminHotelServicioTest, testException = [null], mergedContextConfiguration = [MergedContextConfiguration@5f973a0b testClass = AdminHotelServicioTest, locations = '{}', classes = '{class co.edu.uniquindio.unitravel.PersistenciaApplication}', contextInitializerClasses = '[]', activeProfiles = '{}', propertySourceLocations = '{}', propertySourceProperties = '{org.springframework.boot.test.context.SpringBootTestContextBootstrapper=true}', contextCustomizers = set[org.springframework.boot.test.autoconfigure.actuate.metrics.MetricsExportContextCustomizerFactory$DisableMetricExportContextCustomizer@1e922a8a, org.springframework.boot.test.autoconfigure.properties.PropertyMappingContextCustomizer@0, org.springframework.boot.test.autoconfigure.web.servlet.WebDriverContextCustomizerFactory$Customizer@4f1787c7, org.springframework.boot.test.context.filter.ExcludeFilterContextCustomizer@4918e323, org.springframework.boot.test.json.DuplicateJsonObjectContextCustomizerFactory$DuplicateJsonObjectContextCustomizer@57a756a9, org.springframework.boot.test.mock.mockito.MockitoContextCustomizer@0, org.springframework.boot.test.web.client.TestRestTemplateContextCustomizer@2acbb647, org.springframework.boot.test.context.SpringBootTestArgs@1, org.springframework.boot.test.context.SpringBootTestWebEnvironment@7af43000], contextLoader = 'org.springframework.boot.test.context.SpringBootContextLoader', parent = [null]], attributes = map['org.springframework.test.context.event.ApplicationEventsTestExecutionListener.recordApplicationEvents' -> false]]; transaction manager [org.springframework.orm.jpa.JpaTransactionManager@1a835fd7]; rollback [true]
Hibernate: select hotel0_.cod_hotel as cod_hote1_9_0_, hotel0_.administrador_cedula as administ5_9_0_, hotel0_.cod_ciudad_cod_ciudad as cod_ciud6_9_0_, hotel0_.direccion as direccio2_9_0_, hotel0_.nombre as nombre3_9_0_, hotel0_.num_estrellas as num_estr4_9_0_, adminhotel1_.cedula as cedula1_0_1_, adminhotel1_.email as email2_0_1_, adminhotel1_.nombre as nombre3_0_1_, adminhotel1_.password as password4_0_1_, ciudad2_.cod_ciudad as cod_ciud1_3_2_, ciudad2_.nombre as nombre2_3_2_ from hotel hotel0_ left outer join admin_hotel adminhotel1_ on hotel0_.administrador_cedula=adminhotel1_.cedula left outer join ciudad ciudad2_ on hotel0_.cod_ciudad_cod_ciudad=ciudad2_.cod_ciudad where hotel0_.cod_hotel=?
2022-05-12 17:50:19.297  INFO 2032 --- [    Test worker] o.s.t.c.transaction.TransactionContext   : Rolled back transaction for test: [DefaultTestContext@4cff9cd0 testClass = AdminHotelServicioTest, testInstance = co.edu.uniquindio.unitravel.serviciosTest.AdminHotelServicioTest@44f1007b, testMethod = eliminarHotelTest@AdminHotelServicioTest, testException = [null], mergedContextConfiguration = [MergedContextConfiguration@5f973a0b testClass = AdminHotelServicioTest, locations = '{}', classes = '{class co.edu.uniquindio.unitravel.PersistenciaApplication}', contextInitializerClasses = '[]', activeProfiles = '{}', propertySourceLocations = '{}', propertySourceProperties = '{org.springframework.boot.test.context.SpringBootTestContextBootstrapper=true}', contextCustomizers = set[org.springframework.boot.test.autoconfigure.actuate.metrics.MetricsExportContextCustomizerFactory$DisableMetricExportContextCustomizer@1e922a8a, org.springframework.boot.test.autoconfigure.properties.PropertyMappingContextCustomizer@0, org.springframework.boot.test.autoconfigure.web.servlet.WebDriverContextCustomizerFactory$Customizer@4f1787c7, org.springframework.boot.test.context.filter.ExcludeFilterContextCustomizer@4918e323, org.springframework.boot.test.json.DuplicateJsonObjectContextCustomizerFactory$DuplicateJsonObjectContextCustomizer@57a756a9, org.springframework.boot.test.mock.mockito.MockitoContextCustomizer@0, org.springframework.boot.test.web.client.TestRestTemplateContextCustomizer@2acbb647, org.springframework.boot.test.context.SpringBootTestArgs@1, org.springframework.boot.test.context.SpringBootTestWebEnvironment@7af43000], contextLoader = 'org.springframework.boot.test.context.SpringBootContextLoader', parent = [null]], attributes = map['org.springframework.test.context.event.ApplicationEventsTestExecutionListener.recordApplicationEvents' -> false]]
2022-05-12 17:50:19.298  INFO 2032 --- [    Test worker] o.s.t.c.transaction.TransactionContext   : Began transaction (1) for test context [DefaultTestContext@4cff9cd0 testClass = AdminHotelServicioTest, testInstance = co.edu.uniquindio.unitravel.serviciosTest.AdminHotelServicioTest@7fc76afe, testMethod = obtenerAdminHotelTest@AdminHotelServicioTest, testException = [null], mergedContextConfiguration = [MergedContextConfiguration@5f973a0b testClass = AdminHotelServicioTest, locations = '{}', classes = '{class co.edu.uniquindio.unitravel.PersistenciaApplication}', contextInitializerClasses = '[]', activeProfiles = '{}', propertySourceLocations = '{}', propertySourceProperties = '{org.springframework.boot.test.context.SpringBootTestContextBootstrapper=true}', contextCustomizers = set[org.springframework.boot.test.autoconfigure.actuate.metrics.MetricsExportContextCustomizerFactory$DisableMetricExportContextCustomizer@1e922a8a, org.springframework.boot.test.autoconfigure.properties.PropertyMappingContextCustomizer@0, org.springframework.boot.test.autoconfigure.web.servlet.WebDriverContextCustomizerFactory$Customizer@4f1787c7, org.springframework.boot.test.context.filter.ExcludeFilterContextCustomizer@4918e323, org.springframework.boot.test.json.DuplicateJsonObjectContextCustomizerFactory$DuplicateJsonObjectContextCustomizer@57a756a9, org.springframework.boot.test.mock.mockito.MockitoContextCustomizer@0, org.springframework.boot.test.web.client.TestRestTemplateContextCustomizer@2acbb647, org.springframework.boot.test.context.SpringBootTestArgs@1, org.springframework.boot.test.context.SpringBootTestWebEnvironment@7af43000], contextLoader = 'org.springframework.boot.test.context.SpringBootContextLoader', parent = [null]], attributes = map['org.springframework.test.context.event.ApplicationEventsTestExecutionListener.recordApplicationEvents' -> false]]; transaction manager [org.springframework.orm.jpa.JpaTransactionManager@1a835fd7]; rollback [true]
Hibernate: select adminhotel0_.cedula as cedula1_0_0_, adminhotel0_.email as email2_0_0_, adminhotel0_.nombre as nombre3_0_0_, adminhotel0_.password as password4_0_0_ from admin_hotel adminhotel0_ where adminhotel0_.cedula=?
2022-05-12 17:50:19.705  INFO 2032 --- [    Test worker] o.s.t.c.transaction.TransactionContext   : Rolled back transaction for test: [DefaultTestContext@4cff9cd0 testClass = AdminHotelServicioTest, testInstance = co.edu.uniquindio.unitravel.serviciosTest.AdminHotelServicioTest@7fc76afe, testMethod = obtenerAdminHotelTest@AdminHotelServicioTest, testException = [null], mergedContextConfiguration = [MergedContextConfiguration@5f973a0b testClass = AdminHotelServicioTest, locations = '{}', classes = '{class co.edu.uniquindio.unitravel.PersistenciaApplication}', contextInitializerClasses = '[]', activeProfiles = '{}', propertySourceLocations = '{}', propertySourceProperties = '{org.springframework.boot.test.context.SpringBootTestContextBootstrapper=true}', contextCustomizers = set[org.springframework.boot.test.autoconfigure.actuate.metrics.MetricsExportContextCustomizerFactory$DisableMetricExportContextCustomizer@1e922a8a, org.springframework.boot.test.autoconfigure.properties.PropertyMappingContextCustomizer@0, org.springframework.boot.test.autoconfigure.web.servlet.WebDriverContextCustomizerFactory$Customizer@4f1787c7, org.springframework.boot.test.context.filter.ExcludeFilterContextCustomizer@4918e323, org.springframework.boot.test.json.DuplicateJsonObjectContextCustomizerFactory$DuplicateJsonObjectContextCustomizer@57a756a9, org.springframework.boot.test.mock.mockito.MockitoContextCustomizer@0, org.springframework.boot.test.web.client.TestRestTemplateContextCustomizer@2acbb647, org.springframework.boot.test.context.SpringBootTestArgs@1, org.springframework.boot.test.context.SpringBootTestWebEnvironment@7af43000], contextLoader = 'org.springframework.boot.test.context.SpringBootContextLoader', parent = [null]], attributes = map['org.springframework.test.context.event.ApplicationEventsTestExecutionListener.recordApplicationEvents' -> false]]
2022-05-12 17:50:19.708  INFO 2032 --- [    Test worker] o.s.t.c.transaction.TransactionContext   : Began transaction (1) for test context [DefaultTestContext@4cff9cd0 testClass = AdminHotelServicioTest, testInstance = co.edu.uniquindio.unitravel.serviciosTest.AdminHotelServicioTest@307f8c27, testMethod = obtenerHotelTest@AdminHotelServicioTest, testException = [null], mergedContextConfiguration = [MergedContextConfiguration@5f973a0b testClass = AdminHotelServicioTest, locations = '{}', classes = '{class co.edu.uniquindio.unitravel.PersistenciaApplication}', contextInitializerClasses = '[]', activeProfiles = '{}', propertySourceLocations = '{}', propertySourceProperties = '{org.springframework.boot.test.context.SpringBootTestContextBootstrapper=true}', contextCustomizers = set[org.springframework.boot.test.autoconfigure.actuate.metrics.MetricsExportContextCustomizerFactory$DisableMetricExportContextCustomizer@1e922a8a, org.springframework.boot.test.autoconfigure.properties.PropertyMappingContextCustomizer@0, org.springframework.boot.test.autoconfigure.web.servlet.WebDriverContextCustomizerFactory$Customizer@4f1787c7, org.springframework.boot.test.context.filter.ExcludeFilterContextCustomizer@4918e323, org.springframework.boot.test.json.DuplicateJsonObjectContextCustomizerFactory$DuplicateJsonObjectContextCustomizer@57a756a9, org.springframework.boot.test.mock.mockito.MockitoContextCustomizer@0, org.springframework.boot.test.web.client.TestRestTemplateContextCustomizer@2acbb647, org.springframework.boot.test.context.SpringBootTestArgs@1, org.springframework.boot.test.context.SpringBootTestWebEnvironment@7af43000], contextLoader = 'org.springframework.boot.test.context.SpringBootContextLoader', parent = [null]], attributes = map['org.springframework.test.context.event.ApplicationEventsTestExecutionListener.recordApplicationEvents' -> false]]; transaction manager [org.springframework.orm.jpa.JpaTransactionManager@1a835fd7]; rollback [true]
Hibernate: select hotel0_.cod_hotel as cod_hote1_9_0_, hotel0_.administrador_cedula as administ5_9_0_, hotel0_.cod_ciudad_cod_ciudad as cod_ciud6_9_0_, hotel0_.direccion as direccio2_9_0_, hotel0_.nombre as nombre3_9_0_, hotel0_.num_estrellas as num_estr4_9_0_, adminhotel1_.cedula as cedula1_0_1_, adminhotel1_.email as email2_0_1_, adminhotel1_.nombre as nombre3_0_1_, adminhotel1_.password as password4_0_1_, ciudad2_.cod_ciudad as cod_ciud1_3_2_, ciudad2_.nombre as nombre2_3_2_ from hotel hotel0_ left outer join admin_hotel adminhotel1_ on hotel0_.administrador_cedula=adminhotel1_.cedula left outer join ciudad ciudad2_ on hotel0_.cod_ciudad_cod_ciudad=ciudad2_.cod_ciudad where hotel0_.cod_hotel=?
2022-05-12 17:50:20.099  INFO 2032 --- [    Test worker] o.s.t.c.transaction.TransactionContext   : Rolled back transaction for test: [DefaultTestContext@4cff9cd0 testClass = AdminHotelServicioTest, testInstance = co.edu.uniquindio.unitravel.serviciosTest.AdminHotelServicioTest@307f8c27, testMethod = obtenerHotelTest@AdminHotelServicioTest, testException = [null], mergedContextConfiguration = [MergedContextConfiguration@5f973a0b testClass = AdminHotelServicioTest, locations = '{}', classes = '{class co.edu.uniquindio.unitravel.PersistenciaApplication}', contextInitializerClasses = '[]', activeProfiles = '{}', propertySourceLocations = '{}', propertySourceProperties = '{org.springframework.boot.test.context.SpringBootTestContextBootstrapper=true}', contextCustomizers = set[org.springframework.boot.test.autoconfigure.actuate.metrics.MetricsExportContextCustomizerFactory$DisableMetricExportContextCustomizer@1e922a8a, org.springframework.boot.test.autoconfigure.properties.PropertyMappingContextCustomizer@0, org.springframework.boot.test.autoconfigure.web.servlet.WebDriverContextCustomizerFactory$Customizer@4f1787c7, org.springframework.boot.test.context.filter.ExcludeFilterContextCustomizer@4918e323, org.springframework.boot.test.json.DuplicateJsonObjectContextCustomizerFactory$DuplicateJsonObjectContextCustomizer@57a756a9, org.springframework.boot.test.mock.mockito.MockitoContextCustomizer@0, org.springframework.boot.test.web.client.TestRestTemplateContextCustomizer@2acbb647, org.springframework.boot.test.context.SpringBootTestArgs@1, org.springframework.boot.test.context.SpringBootTestWebEnvironment@7af43000], contextLoader = 'org.springframework.boot.test.context.SpringBootContextLoader', parent = [null]], attributes = map['org.springframework.test.context.event.ApplicationEventsTestExecutionListener.recordApplicationEvents' -> false]]
2022-05-12 17:50:20.103  INFO 2032 --- [    Test worker] o.s.t.c.transaction.TransactionContext   : Began transaction (1) for test context [DefaultTestContext@4cff9cd0 testClass = AdminHotelServicioTest, testInstance = co.edu.uniquindio.unitravel.serviciosTest.AdminHotelServicioTest@5facc5e1, testMethod = eliminarAdminHotelTest@AdminHotelServicioTest, testException = [null], mergedContextConfiguration = [MergedContextConfiguration@5f973a0b testClass = AdminHotelServicioTest, locations = '{}', classes = '{class co.edu.uniquindio.unitravel.PersistenciaApplication}', contextInitializerClasses = '[]', activeProfiles = '{}', propertySourceLocations = '{}', propertySourceProperties = '{org.springframework.boot.test.context.SpringBootTestContextBootstrapper=true}', contextCustomizers = set[org.springframework.boot.test.autoconfigure.actuate.metrics.MetricsExportContextCustomizerFactory$DisableMetricExportContextCustomizer@1e922a8a, org.springframework.boot.test.autoconfigure.properties.PropertyMappingContextCustomizer@0, org.springframework.boot.test.autoconfigure.web.servlet.WebDriverContextCustomizerFactory$Customizer@4f1787c7, org.springframework.boot.test.context.filter.ExcludeFilterContextCustomizer@4918e323, org.springframework.boot.test.json.DuplicateJsonObjectContextCustomizerFactory$DuplicateJsonObjectContextCustomizer@57a756a9, org.springframework.boot.test.mock.mockito.MockitoContextCustomizer@0, org.springframework.boot.test.web.client.TestRestTemplateContextCustomizer@2acbb647, org.springframework.boot.test.context.SpringBootTestArgs@1, org.springframework.boot.test.context.SpringBootTestWebEnvironment@7af43000], contextLoader = 'org.springframework.boot.test.context.SpringBootContextLoader', parent = [null]], attributes = map['org.springframework.test.context.event.ApplicationEventsTestExecutionListener.recordApplicationEvents' -> false]]; transaction manager [org.springframework.orm.jpa.JpaTransactionManager@1a835fd7]; rollback [true]
Hibernate: select adminhotel0_.cedula as cedula1_0_0_, adminhotel0_.email as email2_0_0_, adminhotel0_.nombre as nombre3_0_0_, adminhotel0_.password as password4_0_0_ from admin_hotel adminhotel0_ where adminhotel0_.cedula=?
2022-05-12 17:50:20.436  INFO 2032 --- [    Test worker] o.s.t.c.transaction.TransactionContext   : Rolled back transaction for test: [DefaultTestContext@4cff9cd0 testClass = AdminHotelServicioTest, testInstance = co.edu.uniquindio.unitravel.serviciosTest.AdminHotelServicioTest@5facc5e1, testMethod = eliminarAdminHotelTest@AdminHotelServicioTest, testException = [null], mergedContextConfiguration = [MergedContextConfiguration@5f973a0b testClass = AdminHotelServicioTest, locations = '{}', classes = '{class co.edu.uniquindio.unitravel.PersistenciaApplication}', contextInitializerClasses = '[]', activeProfiles = '{}', propertySourceLocations = '{}', propertySourceProperties = '{org.springframework.boot.test.context.SpringBootTestContextBootstrapper=true}', contextCustomizers = set[org.springframework.boot.test.autoconfigure.actuate.metrics.MetricsExportContextCustomizerFactory$DisableMetricExportContextCustomizer@1e922a8a, org.springframework.boot.test.autoconfigure.properties.PropertyMappingContextCustomizer@0, org.springframework.boot.test.autoconfigure.web.servlet.WebDriverContextCustomizerFactory$Customizer@4f1787c7, org.springframework.boot.test.context.filter.ExcludeFilterContextCustomizer@4918e323, org.springframework.boot.test.json.DuplicateJsonObjectContextCustomizerFactory$DuplicateJsonObjectContextCustomizer@57a756a9, org.springframework.boot.test.mock.mockito.MockitoContextCustomizer@0, org.springframework.boot.test.web.client.TestRestTemplateContextCustomizer@2acbb647, org.springframework.boot.test.context.SpringBootTestArgs@1, org.springframework.boot.test.context.SpringBootTestWebEnvironment@7af43000], contextLoader = 'org.springframework.boot.test.context.SpringBootContextLoader', parent = [null]], attributes = map['org.springframework.test.context.event.ApplicationEventsTestExecutionListener.recordApplicationEvents' -> false]]
2022-05-12 17:50:20.439  INFO 2032 --- [    Test worker] o.s.t.c.transaction.TransactionContext   : Began transaction (1) for test context [DefaultTestContext@4cff9cd0 testClass = AdminHotelServicioTest, testInstance = co.edu.uniquindio.unitravel.serviciosTest.AdminHotelServicioTest@15e1f71e, testMethod = actualizarHotelTest@AdminHotelServicioTest, testException = [null], mergedContextConfiguration = [MergedContextConfiguration@5f973a0b testClass = AdminHotelServicioTest, locations = '{}', classes = '{class co.edu.uniquindio.unitravel.PersistenciaApplication}', contextInitializerClasses = '[]', activeProfiles = '{}', propertySourceLocations = '{}', propertySourceProperties = '{org.springframework.boot.test.context.SpringBootTestContextBootstrapper=true}', contextCustomizers = set[org.springframework.boot.test.autoconfigure.actuate.metrics.MetricsExportContextCustomizerFactory$DisableMetricExportContextCustomizer@1e922a8a, org.springframework.boot.test.autoconfigure.properties.PropertyMappingContextCustomizer@0, org.springframework.boot.test.autoconfigure.web.servlet.WebDriverContextCustomizerFactory$Customizer@4f1787c7, org.springframework.boot.test.context.filter.ExcludeFilterContextCustomizer@4918e323, org.springframework.boot.test.json.DuplicateJsonObjectContextCustomizerFactory$DuplicateJsonObjectContextCustomizer@57a756a9, org.springframework.boot.test.mock.mockito.MockitoContextCustomizer@0, org.springframework.boot.test.web.client.TestRestTemplateContextCustomizer@2acbb647, org.springframework.boot.test.context.SpringBootTestArgs@1, org.springframework.boot.test.context.SpringBootTestWebEnvironment@7af43000], contextLoader = 'org.springframework.boot.test.context.SpringBootContextLoader', parent = [null]], attributes = map['org.springframework.test.context.event.ApplicationEventsTestExecutionListener.recordApplicationEvents' -> false]]; transaction manager [org.springframework.orm.jpa.JpaTransactionManager@1a835fd7]; rollback [true]
Hibernate: select hotel0_.cod_hotel as cod_hote1_9_0_, hotel0_.administrador_cedula as administ5_9_0_, hotel0_.cod_ciudad_cod_ciudad as cod_ciud6_9_0_, hotel0_.direccion as direccio2_9_0_, hotel0_.nombre as nombre3_9_0_, hotel0_.num_estrellas as num_estr4_9_0_, adminhotel1_.cedula as cedula1_0_1_, adminhotel1_.email as email2_0_1_, adminhotel1_.nombre as nombre3_0_1_, adminhotel1_.password as password4_0_1_, ciudad2_.cod_ciudad as cod_ciud1_3_2_, ciudad2_.nombre as nombre2_3_2_ from hotel hotel0_ left outer join admin_hotel adminhotel1_ on hotel0_.administrador_cedula=adminhotel1_.cedula left outer join ciudad ciudad2_ on hotel0_.cod_ciudad_cod_ciudad=ciudad2_.cod_ciudad where hotel0_.cod_hotel=?
2022-05-12 17:50:20.722  INFO 2032 --- [    Test worker] o.s.t.c.transaction.TransactionContext   : Rolled back transaction for test: [DefaultTestContext@4cff9cd0 testClass = AdminHotelServicioTest, testInstance = co.edu.uniquindio.unitravel.serviciosTest.AdminHotelServicioTest@15e1f71e, testMethod = actualizarHotelTest@AdminHotelServicioTest, testException = [null], mergedContextConfiguration = [MergedContextConfiguration@5f973a0b testClass = AdminHotelServicioTest, locations = '{}', classes = '{class co.edu.uniquindio.unitravel.PersistenciaApplication}', contextInitializerClasses = '[]', activeProfiles = '{}', propertySourceLocations = '{}', propertySourceProperties = '{org.springframework.boot.test.context.SpringBootTestContextBootstrapper=true}', contextCustomizers = set[org.springframework.boot.test.autoconfigure.actuate.metrics.MetricsExportContextCustomizerFactory$DisableMetricExportContextCustomizer@1e922a8a, org.springframework.boot.test.autoconfigure.properties.PropertyMappingContextCustomizer@0, org.springframework.boot.test.autoconfigure.web.servlet.WebDriverContextCustomizerFactory$Customizer@4f1787c7, org.springframework.boot.test.context.filter.ExcludeFilterContextCustomizer@4918e323, org.springframework.boot.test.json.DuplicateJsonObjectContextCustomizerFactory$DuplicateJsonObjectContextCustomizer@57a756a9, org.springframework.boot.test.mock.mockito.MockitoContextCustomizer@0, org.springframework.boot.test.web.client.TestRestTemplateContextCustomizer@2acbb647, org.springframework.boot.test.context.SpringBootTestArgs@1, org.springframework.boot.test.context.SpringBootTestWebEnvironment@7af43000], contextLoader = 'org.springframework.boot.test.context.SpringBootContextLoader', parent = [null]], attributes = map['org.springframework.test.context.event.ApplicationEventsTestExecutionListener.recordApplicationEvents' -> false]]
2022-05-12 17:50:20.724  INFO 2032 --- [    Test worker] o.s.t.c.transaction.TransactionContext   : Began transaction (1) for test context [DefaultTestContext@4cff9cd0 testClass = AdminHotelServicioTest, testInstance = co.edu.uniquindio.unitravel.serviciosTest.AdminHotelServicioTest@682f5b6b, testMethod = listarHotelesTest@AdminHotelServicioTest, testException = [null], mergedContextConfiguration = [MergedContextConfiguration@5f973a0b testClass = AdminHotelServicioTest, locations = '{}', classes = '{class co.edu.uniquindio.unitravel.PersistenciaApplication}', contextInitializerClasses = '[]', activeProfiles = '{}', propertySourceLocations = '{}', propertySourceProperties = '{org.springframework.boot.test.context.SpringBootTestContextBootstrapper=true}', contextCustomizers = set[org.springframework.boot.test.autoconfigure.actuate.metrics.MetricsExportContextCustomizerFactory$DisableMetricExportContextCustomizer@1e922a8a, org.springframework.boot.test.autoconfigure.properties.PropertyMappingContextCustomizer@0, org.springframework.boot.test.autoconfigure.web.servlet.WebDriverContextCustomizerFactory$Customizer@4f1787c7, org.springframework.boot.test.context.filter.ExcludeFilterContextCustomizer@4918e323, org.springframework.boot.test.json.DuplicateJsonObjectContextCustomizerFactory$DuplicateJsonObjectContextCustomizer@57a756a9, org.springframework.boot.test.mock.mockito.MockitoContextCustomizer@0, org.springframework.boot.test.web.client.TestRestTemplateContextCustomizer@2acbb647, org.springframework.boot.test.context.SpringBootTestArgs@1, org.springframework.boot.test.context.SpringBootTestWebEnvironment@7af43000], contextLoader = 'org.springframework.boot.test.context.SpringBootContextLoader', parent = [null]], attributes = map['org.springframework.test.context.event.ApplicationEventsTestExecutionListener.recordApplicationEvents' -> false]]; transaction manager [org.springframework.orm.jpa.JpaTransactionManager@1a835fd7]; rollback [true]
Hibernate: select hotel0_.cod_hotel as cod_hote1_9_, hotel0_.administrador_cedula as administ5_9_, hotel0_.cod_ciudad_cod_ciudad as cod_ciud6_9_, hotel0_.direccion as direccio2_9_, hotel0_.nombre as nombre3_9_, hotel0_.num_estrellas as num_estr4_9_ from hotel hotel0_
Hibernate: select adminhotel0_.cedula as cedula1_0_0_, adminhotel0_.email as email2_0_0_, adminhotel0_.nombre as nombre3_0_0_, adminhotel0_.password as password4_0_0_ from admin_hotel adminhotel0_ where adminhotel0_.cedula=?
Hibernate: select ciudad0_.cod_ciudad as cod_ciud1_3_0_, ciudad0_.nombre as nombre2_3_0_ from ciudad ciudad0_ where ciudad0_.cod_ciudad=?
Hibernate: select ciudad0_.cod_ciudad as cod_ciud1_3_0_, ciudad0_.nombre as nombre2_3_0_ from ciudad ciudad0_ where ciudad0_.cod_ciudad=?
Hibernate: select adminhotel0_.cedula as cedula1_0_0_, adminhotel0_.email as email2_0_0_, adminhotel0_.nombre as nombre3_0_0_, adminhotel0_.password as password4_0_0_ from admin_hotel adminhotel0_ where adminhotel0_.cedula=?
Hibernate: select ciudad0_.cod_ciudad as cod_ciud1_3_0_, ciudad0_.nombre as nombre2_3_0_ from ciudad ciudad0_ where ciudad0_.cod_ciudad=?
Hibernate: select ciudad0_.cod_ciudad as cod_ciud1_3_0_, ciudad0_.nombre as nombre2_3_0_ from ciudad ciudad0_ where ciudad0_.cod_ciudad=?
Hibernate: select adminhotel0_.cedula as cedula1_0_0_, adminhotel0_.email as email2_0_0_, adminhotel0_.nombre as nombre3_0_0_, adminhotel0_.password as password4_0_0_ from admin_hotel adminhotel0_ where adminhotel0_.cedula=?
Hibernate: select ciudad0_.cod_ciudad as cod_ciud1_3_0_, ciudad0_.nombre as nombre2_3_0_ from ciudad ciudad0_ where ciudad0_.cod_ciudad=?
Hibernate: select ciudad0_.cod_ciudad as cod_ciud1_3_0_, ciudad0_.nombre as nombre2_3_0_ from ciudad ciudad0_ where ciudad0_.cod_ciudad=?
Hibernate: select adminhotel0_.cedula as cedula1_0_0_, adminhotel0_.email as email2_0_0_, adminhotel0_.nombre as nombre3_0_0_, adminhotel0_.password as password4_0_0_ from admin_hotel adminhotel0_ where adminhotel0_.cedula=?
Hibernate: select ciudad0_.cod_ciudad as cod_ciud1_3_0_, ciudad0_.nombre as nombre2_3_0_ from ciudad ciudad0_ where ciudad0_.cod_ciudad=?
Hibernate: select adminhotel0_.cedula as cedula1_0_0_, adminhotel0_.email as email2_0_0_, adminhotel0_.nombre as nombre3_0_0_, adminhotel0_.password as password4_0_0_ from admin_hotel adminhotel0_ where adminhotel0_.cedula=?
Hibernate: select ciudad0_.cod_ciudad as cod_ciud1_3_0_, ciudad0_.nombre as nombre2_3_0_ from ciudad ciudad0_ where ciudad0_.cod_ciudad=?
co.edu.uniquindio.unitravel.entidades.Hotel@3c
co.edu.uniquindio.unitravel.entidades.Hotel@3d
co.edu.uniquindio.unitravel.entidades.Hotel@3e
co.edu.uniquindio.unitravel.entidades.Hotel@3f
co.edu.uniquindio.unitravel.entidades.Hotel@40
co.edu.uniquindio.unitravel.entidades.Hotel@41
co.edu.uniquindio.unitravel.entidades.Hotel@42
co.edu.uniquindio.unitravel.entidades.Hotel@43
co.edu.uniquindio.unitravel.entidades.Hotel@44
co.edu.uniquindio.unitravel.entidades.Hotel@45
co.edu.uniquindio.unitravel.entidades.Hotel@46
co.edu.uniquindio.unitravel.entidades.Hotel@47
co.edu.uniquindio.unitravel.entidades.Hotel@48
co.edu.uniquindio.unitravel.entidades.Hotel@49
co.edu.uniquindio.unitravel.entidades.Hotel@4a
co.edu.uniquindio.unitravel.entidades.Hotel@4b
co.edu.uniquindio.unitravel.entidades.Hotel@4c
co.edu.uniquindio.unitravel.entidades.Hotel@4d
co.edu.uniquindio.unitravel.entidades.Hotel@4e
co.edu.uniquindio.unitravel.entidades.Hotel@4f
co.edu.uniquindio.unitravel.entidades.Hotel@50
co.edu.uniquindio.unitravel.entidades.Hotel@51
co.edu.uniquindio.unitravel.entidades.Hotel@52
co.edu.uniquindio.unitravel.entidades.Hotel@53
2022-05-12 17:50:21.140  INFO 2032 --- [    Test worker] o.s.t.c.transaction.TransactionContext   : Rolled back transaction for test: [DefaultTestContext@4cff9cd0 testClass = AdminHotelServicioTest, testInstance = co.edu.uniquindio.unitravel.serviciosTest.AdminHotelServicioTest@682f5b6b, testMethod = listarHotelesTest@AdminHotelServicioTest, testException = [null], mergedContextConfiguration = [MergedContextConfiguration@5f973a0b testClass = AdminHotelServicioTest, locations = '{}', classes = '{class co.edu.uniquindio.unitravel.PersistenciaApplication}', contextInitializerClasses = '[]', activeProfiles = '{}', propertySourceLocations = '{}', propertySourceProperties = '{org.springframework.boot.test.context.SpringBootTestContextBootstrapper=true}', contextCustomizers = set[org.springframework.boot.test.autoconfigure.actuate.metrics.MetricsExportContextCustomizerFactory$DisableMetricExportContextCustomizer@1e922a8a, org.springframework.boot.test.autoconfigure.properties.PropertyMappingContextCustomizer@0, org.springframework.boot.test.autoconfigure.web.servlet.WebDriverContextCustomizerFactory$Customizer@4f1787c7, org.springframework.boot.test.context.filter.ExcludeFilterContextCustomizer@4918e323, org.springframework.boot.test.json.DuplicateJsonObjectContextCustomizerFactory$DuplicateJsonObjectContextCustomizer@57a756a9, org.springframework.boot.test.mock.mockito.MockitoContextCustomizer@0, org.springframework.boot.test.web.client.TestRestTemplateContextCustomizer@2acbb647, org.springframework.boot.test.context.SpringBootTestArgs@1, org.springframework.boot.test.context.SpringBootTestWebEnvironment@7af43000], contextLoader = 'org.springframework.boot.test.context.SpringBootContextLoader', parent = [null]], attributes = map['org.springframework.test.context.event.ApplicationEventsTestExecutionListener.recordApplicationEvents' -> false]]
2022-05-12 17:50:21.145  INFO 2032 --- [    Test worker] o.s.t.c.transaction.TransactionContext   : Began transaction (1) for test context [DefaultTestContext@4cff9cd0 testClass = AdminHotelServicioTest, testInstance = co.edu.uniquindio.unitravel.serviciosTest.AdminHotelServicioTest@57617ca7, testMethod = actualizarAdminHotelTest@AdminHotelServicioTest, testException = [null], mergedContextConfiguration = [MergedContextConfiguration@5f973a0b testClass = AdminHotelServicioTest, locations = '{}', classes = '{class co.edu.uniquindio.unitravel.PersistenciaApplication}', contextInitializerClasses = '[]', activeProfiles = '{}', propertySourceLocations = '{}', propertySourceProperties = '{org.springframework.boot.test.context.SpringBootTestContextBootstrapper=true}', contextCustomizers = set[org.springframework.boot.test.autoconfigure.actuate.metrics.MetricsExportContextCustomizerFactory$DisableMetricExportContextCustomizer@1e922a8a, org.springframework.boot.test.autoconfigure.properties.PropertyMappingContextCustomizer@0, org.springframework.boot.test.autoconfigure.web.servlet.WebDriverContextCustomizerFactory$Customizer@4f1787c7, org.springframework.boot.test.context.filter.ExcludeFilterContextCustomizer@4918e323, org.springframework.boot.test.json.DuplicateJsonObjectContextCustomizerFactory$DuplicateJsonObjectContextCustomizer@57a756a9, org.springframework.boot.test.mock.mockito.MockitoContextCustomizer@0, org.springframework.boot.test.web.client.TestRestTemplateContextCustomizer@2acbb647, org.springframework.boot.test.context.SpringBootTestArgs@1, org.springframework.boot.test.context.SpringBootTestWebEnvironment@7af43000], contextLoader = 'org.springframework.boot.test.context.SpringBootContextLoader', parent = [null]], attributes = map['org.springframework.test.context.event.ApplicationEventsTestExecutionListener.recordApplicationEvents' -> false]]; transaction manager [org.springframework.orm.jpa.JpaTransactionManager@1a835fd7]; rollback [true]
Hibernate: select adminhotel0_.cedula as cedula1_0_0_, adminhotel0_.email as email2_0_0_, adminhotel0_.nombre as nombre3_0_0_, adminhotel0_.password as password4_0_0_ from admin_hotel adminhotel0_ where adminhotel0_.cedula=?
2022-05-12 17:50:21.522  INFO 2032 --- [    Test worker] o.s.t.c.transaction.TransactionContext   : Rolled back transaction for test: [DefaultTestContext@4cff9cd0 testClass = AdminHotelServicioTest, testInstance = co.edu.uniquindio.unitravel.serviciosTest.AdminHotelServicioTest@57617ca7, testMethod = actualizarAdminHotelTest@AdminHotelServicioTest, testException = [null], mergedContextConfiguration = [MergedContextConfiguration@5f973a0b testClass = AdminHotelServicioTest, locations = '{}', classes = '{class co.edu.uniquindio.unitravel.PersistenciaApplication}', contextInitializerClasses = '[]', activeProfiles = '{}', propertySourceLocations = '{}', propertySourceProperties = '{org.springframework.boot.test.context.SpringBootTestContextBootstrapper=true}', contextCustomizers = set[org.springframework.boot.test.autoconfigure.actuate.metrics.MetricsExportContextCustomizerFactory$DisableMetricExportContextCustomizer@1e922a8a, org.springframework.boot.test.autoconfigure.properties.PropertyMappingContextCustomizer@0, org.springframework.boot.test.autoconfigure.web.servlet.WebDriverContextCustomizerFactory$Customizer@4f1787c7, org.springframework.boot.test.context.filter.ExcludeFilterContextCustomizer@4918e323, org.springframework.boot.test.json.DuplicateJsonObjectContextCustomizerFactory$DuplicateJsonObjectContextCustomizer@57a756a9, org.springframework.boot.test.mock.mockito.MockitoContextCustomizer@0, org.springframework.boot.test.web.client.TestRestTemplateContextCustomizer@2acbb647, org.springframework.boot.test.context.SpringBootTestArgs@1, org.springframework.boot.test.context.SpringBootTestWebEnvironment@7af43000], contextLoader = 'org.springframework.boot.test.context.SpringBootContextLoader', parent = [null]], attributes = map['org.springframework.test.context.event.ApplicationEventsTestExecutionListener.recordApplicationEvents' -> false]]
2022-05-12 17:50:21.525  INFO 2032 --- [    Test worker] o.s.t.c.transaction.TransactionContext   : Began transaction (1) for test context [DefaultTestContext@4cff9cd0 testClass = AdminHotelServicioTest, testInstance = co.edu.uniquindio.unitravel.serviciosTest.AdminHotelServicioTest@3ae7be03, testMethod = validarLoginAdminHotelTest@AdminHotelServicioTest, testException = [null], mergedContextConfiguration = [MergedContextConfiguration@5f973a0b testClass = AdminHotelServicioTest, locations = '{}', classes = '{class co.edu.uniquindio.unitravel.PersistenciaApplication}', contextInitializerClasses = '[]', activeProfiles = '{}', propertySourceLocations = '{}', propertySourceProperties = '{org.springframework.boot.test.context.SpringBootTestContextBootstrapper=true}', contextCustomizers = set[org.springframework.boot.test.autoconfigure.actuate.metrics.MetricsExportContextCustomizerFactory$DisableMetricExportContextCustomizer@1e922a8a, org.springframework.boot.test.autoconfigure.properties.PropertyMappingContextCustomizer@0, org.springframework.boot.test.autoconfigure.web.servlet.WebDriverContextCustomizerFactory$Customizer@4f1787c7, org.springframework.boot.test.context.filter.ExcludeFilterContextCustomizer@4918e323, org.springframework.boot.test.json.DuplicateJsonObjectContextCustomizerFactory$DuplicateJsonObjectContextCustomizer@57a756a9, org.springframework.boot.test.mock.mockito.MockitoContextCustomizer@0, org.springframework.boot.test.web.client.TestRestTemplateContextCustomizer@2acbb647, org.springframework.boot.test.context.SpringBootTestArgs@1, org.springframework.boot.test.context.SpringBootTestWebEnvironment@7af43000], contextLoader = 'org.springframework.boot.test.context.SpringBootContextLoader', parent = [null]], attributes = map['org.springframework.test.context.event.ApplicationEventsTestExecutionListener.recordApplicationEvents' -> false]]; transaction manager [org.springframework.orm.jpa.JpaTransactionManager@1a835fd7]; rollback [true]
Hibernate: select adminhotel0_.cedula as cedula1_0_, adminhotel0_.email as email2_0_, adminhotel0_.nombre as nombre3_0_, adminhotel0_.password as password4_0_ from admin_hotel adminhotel0_ where adminhotel0_.email=? and adminhotel0_.password=?
2022-05-12 17:50:21.815  INFO 2032 --- [    Test worker] o.s.t.c.transaction.TransactionContext   : Rolled back transaction for test: [DefaultTestContext@4cff9cd0 testClass = AdminHotelServicioTest, testInstance = co.edu.uniquindio.unitravel.serviciosTest.AdminHotelServicioTest@3ae7be03, testMethod = validarLoginAdminHotelTest@AdminHotelServicioTest, testException = [null], mergedContextConfiguration = [MergedContextConfiguration@5f973a0b testClass = AdminHotelServicioTest, locations = '{}', classes = '{class co.edu.uniquindio.unitravel.PersistenciaApplication}', contextInitializerClasses = '[]', activeProfiles = '{}', propertySourceLocations = '{}', propertySourceProperties = '{org.springframework.boot.test.context.SpringBootTestContextBootstrapper=true}', contextCustomizers = set[org.springframework.boot.test.autoconfigure.actuate.metrics.MetricsExportContextCustomizerFactory$DisableMetricExportContextCustomizer@1e922a8a, org.springframework.boot.test.autoconfigure.properties.PropertyMappingContextCustomizer@0, org.springframework.boot.test.autoconfigure.web.servlet.WebDriverContextCustomizerFactory$Customizer@4f1787c7, org.springframework.boot.test.context.filter.ExcludeFilterContextCustomizer@4918e323, org.springframework.boot.test.json.DuplicateJsonObjectContextCustomizerFactory$DuplicateJsonObjectContextCustomizer@57a756a9, org.springframework.boot.test.mock.mockito.MockitoContextCustomizer@0, org.springframework.boot.test.web.client.TestRestTemplateContextCustomizer@2acbb647, org.springframework.boot.test.context.SpringBootTestArgs@1, org.springframework.boot.test.context.SpringBootTestWebEnvironment@7af43000], contextLoader = 'org.springframework.boot.test.context.SpringBootContextLoader', parent = [null]], attributes = map['org.springframework.test.context.event.ApplicationEventsTestExecutionListener.recordApplicationEvents' -> false]]
2022-05-12 17:50:21.818  INFO 2032 --- [    Test worker] o.s.t.c.transaction.TransactionContext   : Began transaction (1) for test context [DefaultTestContext@4cff9cd0 testClass = AdminHotelServicioTest, testInstance = co.edu.uniquindio.unitravel.serviciosTest.AdminHotelServicioTest@427e1a37, testMethod = registrarAdminHotelTest@AdminHotelServicioTest, testException = [null], mergedContextConfiguration = [MergedContextConfiguration@5f973a0b testClass = AdminHotelServicioTest, locations = '{}', classes = '{class co.edu.uniquindio.unitravel.PersistenciaApplication}', contextInitializerClasses = '[]', activeProfiles = '{}', propertySourceLocations = '{}', propertySourceProperties = '{org.springframework.boot.test.context.SpringBootTestContextBootstrapper=true}', contextCustomizers = set[org.springframework.boot.test.autoconfigure.actuate.metrics.MetricsExportContextCustomizerFactory$DisableMetricExportContextCustomizer@1e922a8a, org.springframework.boot.test.autoconfigure.properties.PropertyMappingContextCustomizer@0, org.springframework.boot.test.autoconfigure.web.servlet.WebDriverContextCustomizerFactory$Customizer@4f1787c7, org.springframework.boot.test.context.filter.ExcludeFilterContextCustomizer@4918e323, org.springframework.boot.test.json.DuplicateJsonObjectContextCustomizerFactory$DuplicateJsonObjectContextCustomizer@57a756a9, org.springframework.boot.test.mock.mockito.MockitoContextCustomizer@0, org.springframework.boot.test.web.client.TestRestTemplateContextCustomizer@2acbb647, org.springframework.boot.test.context.SpringBootTestArgs@1, org.springframework.boot.test.context.SpringBootTestWebEnvironment@7af43000], contextLoader = 'org.springframework.boot.test.context.SpringBootContextLoader', parent = [null]], attributes = map['org.springframework.test.context.event.ApplicationEventsTestExecutionListener.recordApplicationEvents' -> false]]; transaction manager [org.springframework.orm.jpa.JpaTransactionManager@1a835fd7]; rollback [true]
Hibernate: select adminhotel0_.cedula as cedula1_0_0_, adminhotel0_.email as email2_0_0_, adminhotel0_.nombre as nombre3_0_0_, adminhotel0_.password as password4_0_0_ from admin_hotel adminhotel0_ where adminhotel0_.cedula=?
Hibernate: select adminhotel0_.cedula as cedula1_0_, adminhotel0_.email as email2_0_, adminhotel0_.nombre as nombre3_0_, adminhotel0_.password as password4_0_ from admin_hotel adminhotel0_ where adminhotel0_.email=?
Hibernate: select adminhotel0_.cedula as cedula1_0_0_, adminhotel0_.email as email2_0_0_, adminhotel0_.nombre as nombre3_0_0_, adminhotel0_.password as password4_0_0_ from admin_hotel adminhotel0_ where adminhotel0_.cedula=?
2022-05-12 17:50:22.101  INFO 2032 --- [    Test worker] o.s.t.c.transaction.TransactionContext   : Rolled back transaction for test: [DefaultTestContext@4cff9cd0 testClass = AdminHotelServicioTest, testInstance = co.edu.uniquindio.unitravel.serviciosTest.AdminHotelServicioTest@427e1a37, testMethod = registrarAdminHotelTest@AdminHotelServicioTest, testException = [null], mergedContextConfiguration = [MergedContextConfiguration@5f973a0b testClass = AdminHotelServicioTest, locations = '{}', classes = '{class co.edu.uniquindio.unitravel.PersistenciaApplication}', contextInitializerClasses = '[]', activeProfiles = '{}', propertySourceLocations = '{}', propertySourceProperties = '{org.springframework.boot.test.context.SpringBootTestContextBootstrapper=true}', contextCustomizers = set[org.springframework.boot.test.autoconfigure.actuate.metrics.MetricsExportContextCustomizerFactory$DisableMetricExportContextCustomizer@1e922a8a, org.springframework.boot.test.autoconfigure.properties.PropertyMappingContextCustomizer@0, org.springframework.boot.test.autoconfigure.web.servlet.WebDriverContextCustomizerFactory$Customizer@4f1787c7, org.springframework.boot.test.context.filter.ExcludeFilterContextCustomizer@4918e323, org.springframework.boot.test.json.DuplicateJsonObjectContextCustomizerFactory$DuplicateJsonObjectContextCustomizer@57a756a9, org.springframework.boot.test.mock.mockito.MockitoContextCustomizer@0, org.springframework.boot.test.web.client.TestRestTemplateContextCustomizer@2acbb647, org.springframework.boot.test.context.SpringBootTestArgs@1, org.springframework.boot.test.context.SpringBootTestWebEnvironment@7af43000], contextLoader = 'org.springframework.boot.test.context.SpringBootContextLoader', parent = [null]], attributes = map['org.springframework.test.context.event.ApplicationEventsTestExecutionListener.recordApplicationEvents' -> false]]
]]></system-out>
  <system-err><![CDATA[javax.validation.ConstraintViolationException: Validation failed for classes [co.edu.uniquindio.unitravel.entidades.Hotel] during persist time for groups [javax.validation.groups.Default, ]
List of constraint violations:[
	ConstraintViolationImpl{interpolatedMessage='debe ser mayor que 0', propertyPath=numEstrellas, rootBeanClass=class co.edu.uniquindio.unitravel.entidades.Hotel, messageTemplate='{javax.validation.constraints.Positive.message}'}
]
	at org.hibernate.cfg.beanvalidation.BeanValidationEventListener.validate(BeanValidationEventListener.java:140)
	at org.hibernate.cfg.beanvalidation.BeanValidationEventListener.onPreInsert(BeanValidationEventListener.java:80)
	at org.hibernate.action.internal.EntityIdentityInsertAction.preInsert(EntityIdentityInsertAction.java:188)
	at org.hibernate.action.internal.EntityIdentityInsertAction.execute(EntityIdentityInsertAction.java:78)
	at org.hibernate.engine.spi.ActionQueue.execute(ActionQueue.java:645)
	at org.hibernate.engine.spi.ActionQueue.addResolvedEntityInsertAction(ActionQueue.java:282)
	at org.hibernate.engine.spi.ActionQueue.addInsertAction(ActionQueue.java:263)
	at org.hibernate.engine.spi.ActionQueue.addAction(ActionQueue.java:317)
	at org.hibernate.event.internal.AbstractSaveEventListener.addInsertAction(AbstractSaveEventListener.java:330)
	at org.hibernate.event.internal.AbstractSaveEventListener.performSaveOrReplicate(AbstractSaveEventListener.java:287)
	at org.hibernate.event.internal.AbstractSaveEventListener.performSave(AbstractSaveEventListener.java:193)
	at org.hibernate.event.internal.AbstractSaveEventListener.saveWithGeneratedId(AbstractSaveEventListener.java:123)
	at org.hibernate.event.internal.DefaultMergeEventListener.saveTransientEntity(DefaultMergeEventListener.java:271)
	at org.hibernate.event.internal.DefaultMergeEventListener.entityIsTransient(DefaultMergeEventListener.java:243)
	at org.hibernate.event.internal.DefaultMergeEventListener.entityIsDetached(DefaultMergeEventListener.java:318)
	at org.hibernate.event.internal.DefaultMergeEventListener.onMerge(DefaultMergeEventListener.java:172)
	at org.hibernate.event.internal.DefaultMergeEventListener.onMerge(DefaultMergeEventListener.java:70)
	at org.hibernate.event.service.internal.EventListenerGroupImpl.fireEventOnEachListener(EventListenerGroupImpl.java:107)
	at org.hibernate.internal.SessionImpl.fireMerge(SessionImpl.java:833)
	at org.hibernate.internal.SessionImpl.merge(SessionImpl.java:820)
	at java.base/jdk.internal.reflect.NativeMethodAccessorImpl.invoke0(Native Method)
	at java.base/jdk.internal.reflect.NativeMethodAccessorImpl.invoke(NativeMethodAccessorImpl.java:62)
	at java.base/jdk.internal.reflect.DelegatingMethodAccessorImpl.invoke(DelegatingMethodAccessorImpl.java:43)
	at java.base/java.lang.reflect.Method.invoke(Method.java:566)
	at org.springframework.orm.jpa.SharedEntityManagerCreator$SharedEntityManagerInvocationHandler.invoke(SharedEntityManagerCreator.java:311)
	at com.sun.proxy.$Proxy117.merge(Unknown Source)
	at org.springframework.data.jpa.repository.support.SimpleJpaRepository.save(SimpleJpaRepository.java:640)
	at java.base/jdk.internal.reflect.NativeMethodAccessorImpl.invoke0(Native Method)
	at java.base/jdk.internal.reflect.NativeMethodAccessorImpl.invoke(NativeMethodAccessorImpl.java:62)
	at java.base/jdk.internal.reflect.DelegatingMethodAccessorImpl.invoke(DelegatingMethodAccessorImpl.java:43)
	at java.base/java.lang.reflect.Method.invoke(Method.java:566)
	at org.springframework.data.repository.core.support.RepositoryMethodInvoker$RepositoryFragmentMethodInvoker.lambda$new$0(RepositoryMethodInvoker.java:289)
	at org.springframework.data.repository.core.support.RepositoryMethodInvoker.doInvoke(RepositoryMethodInvoker.java:137)
	at org.springframework.data.repository.core.support.RepositoryMethodInvoker.invoke(RepositoryMethodInvoker.java:121)
	at org.springframework.data.repository.core.support.RepositoryComposition$RepositoryFragments.invoke(RepositoryComposition.java:529)
	at org.springframework.data.repository.core.support.RepositoryComposition.invoke(RepositoryComposition.java:285)
	at org.springframework.data.repository.core.support.RepositoryFactorySupport$ImplementationMethodExecutionInterceptor.invoke(RepositoryFactorySupport.java:639)
	at org.springframework.aop.framework.ReflectiveMethodInvocation.proceed(ReflectiveMethodInvocation.java:186)
	at org.springframework.data.repository.core.support.QueryExecutorMethodInterceptor.doInvoke(QueryExecutorMethodInterceptor.java:163)
	at org.springframework.data.repository.core.support.QueryExecutorMethodInterceptor.invoke(QueryExecutorMethodInterceptor.java:138)
	at org.springframework.aop.framework.ReflectiveMethodInvocation.proceed(ReflectiveMethodInvocation.java:186)
	at org.springframework.data.projection.DefaultMethodInvokingMethodInterceptor.invoke(DefaultMethodInvokingMethodInterceptor.java:80)
	at org.springframework.aop.framework.ReflectiveMethodInvocation.proceed(ReflectiveMethodInvocation.java:186)
	at org.springframework.transaction.interceptor.TransactionInterceptor$1.proceedWithInvocation(TransactionInterceptor.java:123)
	at org.springframework.transaction.interceptor.TransactionAspectSupport.invokeWithinTransaction(TransactionAspectSupport.java:388)
	at org.springframework.transaction.interceptor.TransactionInterceptor.invoke(TransactionInterceptor.java:119)
	at org.springframework.aop.framework.ReflectiveMethodInvocation.proceed(ReflectiveMethodInvocation.java:186)
	at org.springframework.dao.support.PersistenceExceptionTranslationInterceptor.invoke(PersistenceExceptionTranslationInterceptor.java:137)
	at org.springframework.aop.framework.ReflectiveMethodInvocation.proceed(ReflectiveMethodInvocation.java:186)
	at org.springframework.data.jpa.repository.support.CrudMethodMetadataPostProcessor$CrudMethodMetadataPopulatingMethodInterceptor.invoke(CrudMethodMetadataPostProcessor.java:174)
	at org.springframework.aop.framework.ReflectiveMethodInvocation.proceed(ReflectiveMethodInvocation.java:186)
	at org.springframework.aop.interceptor.ExposeInvocationInterceptor.invoke(ExposeInvocationInterceptor.java:97)
	at org.springframework.aop.framework.ReflectiveMethodInvocation.proceed(ReflectiveMethodInvocation.java:186)
	at org.springframework.aop.framework.JdkDynamicAopProxy.invoke(JdkDynamicAopProxy.java:215)
	at com.sun.proxy.$Proxy124.save(Unknown Source)
	at co.edu.uniquindio.unitravel.servicios.AdminHotelServicioImpl.registrarHotel(AdminHotelServicioImpl.java:86)
	at co.edu.uniquindio.unitravel.serviciosTest.AdminHotelServicioTest.registrarHotelTest(AdminHotelServicioTest.java:97)
	at java.base/jdk.internal.reflect.NativeMethodAccessorImpl.invoke0(Native Method)
	at java.base/jdk.internal.reflect.NativeMethodAccessorImpl.invoke(NativeMethodAccessorImpl.java:62)
	at java.base/jdk.internal.reflect.DelegatingMethodAccessorImpl.invoke(DelegatingMethodAccessorImpl.java:43)
	at java.base/java.lang.reflect.Method.invoke(Method.java:566)
	at org.junit.platform.commons.util.ReflectionUtils.invokeMethod(ReflectionUtils.java:725)
	at org.junit.jupiter.engine.execution.MethodInvocation.proceed(MethodInvocation.java:60)
	at org.junit.jupiter.engine.execution.InvocationInterceptorChain$ValidatingInvocation.proceed(InvocationInterceptorChain.java:131)
	at org.junit.jupiter.engine.extension.TimeoutExtension.intercept(TimeoutExtension.java:149)
	at org.junit.jupiter.engine.extension.TimeoutExtension.interceptTestableMethod(TimeoutExtension.java:140)
	at org.junit.jupiter.engine.extension.TimeoutExtension.interceptTestMethod(TimeoutExtension.java:84)
	at org.junit.jupiter.engine.execution.ExecutableInvoker$ReflectiveInterceptorCall.lambda$ofVoidMethod$0(ExecutableInvoker.java:115)
	at org.junit.jupiter.engine.execution.ExecutableInvoker.lambda$invoke$0(ExecutableInvoker.java:105)
	at org.junit.jupiter.engine.execution.InvocationInterceptorChain$InterceptedInvocation.proceed(InvocationInterceptorChain.java:106)
	at org.junit.jupiter.engine.execution.InvocationInterceptorChain.proceed(InvocationInterceptorChain.java:64)
	at org.junit.jupiter.engine.execution.InvocationInterceptorChain.chainAndInvoke(InvocationInterceptorChain.java:45)
	at org.junit.jupiter.engine.execution.InvocationInterceptorChain.invoke(InvocationInterceptorChain.java:37)
	at org.junit.jupiter.engine.execution.ExecutableInvoker.invoke(ExecutableInvoker.java:104)
	at org.junit.jupiter.engine.execution.ExecutableInvoker.invoke(ExecutableInvoker.java:98)
	at org.junit.jupiter.engine.descriptor.TestMethodTestDescriptor.lambda$invokeTestMethod$7(TestMethodTestDescriptor.java:214)
	at org.junit.platform.engine.support.hierarchical.ThrowableCollector.execute(ThrowableCollector.java:73)
	at org.junit.jupiter.engine.descriptor.TestMethodTestDescriptor.invokeTestMethod(TestMethodTestDescriptor.java:210)
	at org.junit.jupiter.engine.descriptor.TestMethodTestDescriptor.execute(TestMethodTestDescriptor.java:135)
	at org.junit.jupiter.engine.descriptor.TestMethodTestDescriptor.execute(TestMethodTestDescriptor.java:66)
	at org.junit.platform.engine.support.hierarchical.NodeTestTask.lambda$executeRecursively$6(NodeTestTask.java:151)
	at org.junit.platform.engine.support.hierarchical.ThrowableCollector.execute(ThrowableCollector.java:73)
	at org.junit.platform.engine.support.hierarchical.NodeTestTask.lambda$executeRecursively$8(NodeTestTask.java:141)
	at org.junit.platform.engine.support.hierarchical.Node.around(Node.java:137)
	at org.junit.platform.engine.support.hierarchical.NodeTestTask.lambda$executeRecursively$9(NodeTestTask.java:139)
	at org.junit.platform.engine.support.hierarchical.ThrowableCollector.execute(ThrowableCollector.java:73)
	at org.junit.platform.engine.support.hierarchical.NodeTestTask.executeRecursively(NodeTestTask.java:138)
	at org.junit.platform.engine.support.hierarchical.NodeTestTask.execute(NodeTestTask.java:95)
	at java.base/java.util.ArrayList.forEach(ArrayList.java:1541)
	at org.junit.platform.engine.support.hierarchical.SameThreadHierarchicalTestExecutorService.invokeAll(SameThreadHierarchicalTestExecutorService.java:41)
	at org.junit.platform.engine.support.hierarchical.NodeTestTask.lambda$executeRecursively$6(NodeTestTask.java:155)
	at org.junit.platform.engine.support.hierarchical.ThrowableCollector.execute(ThrowableCollector.java:73)
	at org.junit.platform.engine.support.hierarchical.NodeTestTask.lambda$executeRecursively$8(NodeTestTask.java:141)
	at org.junit.platform.engine.support.hierarchical.Node.around(Node.java:137)
	at org.junit.platform.engine.support.hierarchical.NodeTestTask.lambda$executeRecursively$9(NodeTestTask.java:139)
	at org.junit.platform.engine.support.hierarchical.ThrowableCollector.execute(ThrowableCollector.java:73)
	at org.junit.platform.engine.support.hierarchical.NodeTestTask.executeRecursively(NodeTestTask.java:138)
	at org.junit.platform.engine.support.hierarchical.NodeTestTask.execute(NodeTestTask.java:95)
	at java.base/java.util.ArrayList.forEach(ArrayList.java:1541)
	at org.junit.platform.engine.support.hierarchical.SameThreadHierarchicalTestExecutorService.invokeAll(SameThreadHierarchicalTestExecutorService.java:41)
	at org.junit.platform.engine.support.hierarchical.NodeTestTask.lambda$executeRecursively$6(NodeTestTask.java:155)
	at org.junit.platform.engine.support.hierarchical.ThrowableCollector.execute(ThrowableCollector.java:73)
	at org.junit.platform.engine.support.hierarchical.NodeTestTask.lambda$executeRecursively$8(NodeTestTask.java:141)
	at org.junit.platform.engine.support.hierarchical.Node.around(Node.java:137)
	at org.junit.platform.engine.support.hierarchical.NodeTestTask.lambda$executeRecursively$9(NodeTestTask.java:139)
	at org.junit.platform.engine.support.hierarchical.ThrowableCollector.execute(ThrowableCollector.java:73)
	at org.junit.platform.engine.support.hierarchical.NodeTestTask.executeRecursively(NodeTestTask.java:138)
	at org.junit.platform.engine.support.hierarchical.NodeTestTask.execute(NodeTestTask.java:95)
	at org.junit.platform.engine.support.hierarchical.SameThreadHierarchicalTestExecutorService.submit(SameThreadHierarchicalTestExecutorService.java:35)
	at org.junit.platform.engine.support.hierarchical.HierarchicalTestExecutor.execute(HierarchicalTestExecutor.java:57)
	at org.junit.platform.engine.support.hierarchical.HierarchicalTestEngine.execute(HierarchicalTestEngine.java:54)
	at org.junit.platform.launcher.core.EngineExecutionOrchestrator.execute(EngineExecutionOrchestrator.java:108)
	at org.junit.platform.launcher.core.EngineExecutionOrchestrator.execute(EngineExecutionOrchestrator.java:88)
	at org.junit.platform.launcher.core.EngineExecutionOrchestrator.lambda$execute$0(EngineExecutionOrchestrator.java:54)
	at org.junit.platform.launcher.core.EngineExecutionOrchestrator.withInterceptedStreams(EngineExecutionOrchestrator.java:67)
	at org.junit.platform.launcher.core.EngineExecutionOrchestrator.execute(EngineExecutionOrchestrator.java:52)
	at org.junit.platform.launcher.core.DefaultLauncher.execute(DefaultLauncher.java:96)
	at org.junit.platform.launcher.core.DefaultLauncher.execute(DefaultLauncher.java:75)
	at org.gradle.api.internal.tasks.testing.junitplatform.JUnitPlatformTestClassProcessor$CollectAllTestClassesExecutor.processAllTestClasses(JUnitPlatformTestClassProcessor.java:99)
	at org.gradle.api.internal.tasks.testing.junitplatform.JUnitPlatformTestClassProcessor$CollectAllTestClassesExecutor.access$000(JUnitPlatformTestClassProcessor.java:79)
	at org.gradle.api.internal.tasks.testing.junitplatform.JUnitPlatformTestClassProcessor.stop(JUnitPlatformTestClassProcessor.java:75)
	at org.gradle.api.internal.tasks.testing.SuiteTestClassProcessor.stop(SuiteTestClassProcessor.java:61)
	at java.base/jdk.internal.reflect.NativeMethodAccessorImpl.invoke0(Native Method)
	at java.base/jdk.internal.reflect.NativeMethodAccessorImpl.invoke(NativeMethodAccessorImpl.java:62)
	at java.base/jdk.internal.reflect.DelegatingMethodAccessorImpl.invoke(DelegatingMethodAccessorImpl.java:43)
	at java.base/java.lang.reflect.Method.invoke(Method.java:566)
	at org.gradle.internal.dispatch.ReflectionDispatch.dispatch(ReflectionDispatch.java:36)
	at org.gradle.internal.dispatch.ReflectionDispatch.dispatch(ReflectionDispatch.java:24)
	at org.gradle.internal.dispatch.ContextClassLoaderDispatch.dispatch(ContextClassLoaderDispatch.java:33)
	at org.gradle.internal.dispatch.ProxyDispatchAdapter$DispatchingInvocationHandler.invoke(ProxyDispatchAdapter.java:94)
	at com.sun.proxy.$Proxy2.stop(Unknown Source)
	at org.gradle.api.internal.tasks.testing.worker.TestWorker.stop(TestWorker.java:135)
	at java.base/jdk.internal.reflect.NativeMethodAccessorImpl.invoke0(Native Method)
	at java.base/jdk.internal.reflect.NativeMethodAccessorImpl.invoke(NativeMethodAccessorImpl.java:62)
	at java.base/jdk.internal.reflect.DelegatingMethodAccessorImpl.invoke(DelegatingMethodAccessorImpl.java:43)
	at java.base/java.lang.reflect.Method.invoke(Method.java:566)
	at org.gradle.internal.dispatch.ReflectionDispatch.dispatch(ReflectionDispatch.java:36)
	at org.gradle.internal.dispatch.ReflectionDispatch.dispatch(ReflectionDispatch.java:24)
	at org.gradle.internal.remote.internal.hub.MessageHubBackedObjectConnection$DispatchWrapper.dispatch(MessageHubBackedObjectConnection.java:182)
	at org.gradle.internal.remote.internal.hub.MessageHubBackedObjectConnection$DispatchWrapper.dispatch(MessageHubBackedObjectConnection.java:164)
	at org.gradle.internal.remote.internal.hub.MessageHub$Handler.run(MessageHub.java:414)
	at org.gradle.internal.concurrent.ExecutorPolicy$CatchAndRecordFailures.onExecute(ExecutorPolicy.java:64)
	at org.gradle.internal.concurrent.ManagedExecutorImpl$1.run(ManagedExecutorImpl.java:48)
	at java.base/java.util.concurrent.ThreadPoolExecutor.runWorker(ThreadPoolExecutor.java:1128)
	at java.base/java.util.concurrent.ThreadPoolExecutor$Worker.run(ThreadPoolExecutor.java:628)
	at org.gradle.internal.concurrent.ThreadFactoryImpl$ManagedThreadRunnable.run(ThreadFactoryImpl.java:56)
	at java.base/java.lang.Thread.run(Thread.java:834)
]]></system-err>
</testsuite>
